<?xml version="1.0" encoding="utf-8"?><testsuites name="pytest tests"><testsuite name="pytest" errors="0" failures="0" skipped="0" tests="17" time="4.072" timestamp="2026-05-22T11:14:13.929349+00:00" hostname="agent-env-9e6b9ec1-aa10-4a71-afea-ee68b8ce8345"><testcase classname="backend.tests.test_portfolio_api.TestPublicContent" name="test_get_content_shape" time="0.349" /><testcase classname="backend.tests.test_portfolio_api.TestPublicContent" name="test_get_settings_defaults" time="0.144" /><testcase classname="backend.tests.test_portfolio_api.TestAuth" name="test_login_wrong_password" time="0.140" /><testcase classname="backend.tests.test_portfolio_api.TestAuth" name="test_login_correct_password" time="0.149" /><testcase classname="backend.tests.test_portfolio_api.TestAuth" name="test_verify_with_token" time="0.300" /><testcase classname="backend.tests.test_portfolio_api.TestAuth" name="test_verify_without_token" time="0.147" /><testcase classname="backend.tests.test_portfolio_api.TestAuth" name="test_update_content_unauthorized" time="0.101" /><testcase classname="backend.tests.test_portfolio_api.TestAdminContent" name="test_update_then_reset_content" time="0.569" /><testcase classname="backend.tests.test_portfolio_api.TestAdminContent" name="test_update_settings" time="0.297" /><testcase classname="backend.tests.test_portfolio_api.TestAdminContent" name="test_update_settings_unauthorized" time="0.150" /><testcase classname="backend.tests.test_portfolio_api.TestContactAndMessages" name="test_contact_submit_minimal" time="0.204" /><testcase classname="backend.tests.test_portfolio_api.TestContactAndMessages" name="test_contact_missing_required" time="0.098" /><testcase classname="backend.tests.test_portfolio_api.TestContactAndMessages" name="test_contact_invalid_email" time="0.120" /><testcase classname="backend.tests.test_portfolio_api.TestContactAndMessages" name="test_list_messages_requires_auth" time="0.110" /><testcase classname="backend.tests.test_portfolio_api.TestContactAndMessages" name="test_list_messages_contains_submitted" time="0.102" /><testcase classname="backend.tests.test_portfolio_api.TestContactAndMessages" name="test_mark_read_then_delete" time="0.440" /><testcase classname="backend.tests.test_portfolio_api.TestLogout" name="test_logout_revokes_token" time="0.442" /></testsuite></testsuites>